  Flight.cpp
  HistoryWindow.cpp
  MyWindow.cpp
C:\Users\Nikola's PC\Fakultet\SortingFlights\SortingFlightsRaffayet\SortingFlightsRaffayet\MyWindow.cpp(205,26): warning C4267: 'initializing': conversion from 'size_t' to 'int', possible loss of data
C:\Users\Nikola's PC\Fakultet\SortingFlights\SortingFlightsRaffayet\SortingFlightsRaffayet\MyWindow.cpp(233,35): warning C4267: 'argument': conversion from 'size_t' to 'int', possible loss of data
C:\Users\Nikola's PC\Fakultet\SortingFlights\SortingFlightsRaffayet\SortingFlightsRaffayet\MyWindow.cpp(233,32): warning C4267: 'argument': conversion from 'size_t' to 'int', possible loss of data
C:\Users\Nikola's PC\Fakultet\SortingFlights\SortingFlightsRaffayet\SortingFlightsRaffayet\MyWindow.cpp(269,33): warning C4267: 'argument': conversion from 'size_t' to 'int', possible loss of data
C:\Users\Nikola's PC\Fakultet\SortingFlights\SortingFlightsRaffayet\SortingFlightsRaffayet\MyWindow.cpp(269,28): warning C4267: 'argument': conversion from 'size_t' to 'int', possible loss of data
C:\Users\Nikola's PC\Fakultet\SortingFlights\SortingFlightsRaffayet\SortingFlightsRaffayet\MyWindow.cpp(342,68): warning C4267: 'argument': conversion from 'size_t' to 'int', possible loss of data
C:\Users\Nikola's PC\Fakultet\SortingFlights\SortingFlightsRaffayet\SortingFlightsRaffayet\MyWindow.cpp(437,59): warning C4267: 'argument': conversion from 'size_t' to 'int', possible loss of data
  SortCriteria.cpp
  SortingHistory.cpp
  SortingManager.cpp
  main.cpp
  Generating code
  21 of 1708 functions ( 1.2%) were compiled, the rest were copied from previous compilation.
    0 functions were new in current compilation
    50 functions had inline decision re-evaluated but remain unchanged
  Finished generating code
  SortingFlightsRaffayet.vcxproj -> C:\Users\Nikola's PC\Fakultet\SortingFlights\SortingFlightsRaffayet\x64\Release\SortingFlightsRaffayet.exe
